\BOOKMARK [0][-]{chapter.1}{Introduction}{}% 1
\BOOKMARK [1][-]{section.1.1}{Motivation/Problem}{chapter.1}% 2
\BOOKMARK [2][-]{subsection.1.1.1}{Trends in mobile internet usage}{section.1.1}% 3
\BOOKMARK [2][-]{subsection.1.1.2}{Trends in mobile device development}{section.1.1}% 4
\BOOKMARK [2][-]{subsection.1.1.3}{Mobile network operators}{section.1.1}% 5
\BOOKMARK [1][-]{section.1.2}{Overview of ColStream}{chapter.1}% 6
\BOOKMARK [2][-]{subsection.1.2.1}{Scenario}{section.1.2}% 7
\BOOKMARK [1][-]{section.1.3}{Related Work}{chapter.1}% 8
\BOOKMARK [2][-]{subsection.1.3.1}{Collaborative Download}{section.1.3}% 9
\BOOKMARK [2][-]{subsection.1.3.2}{Incentive Systems}{section.1.3}% 10
\BOOKMARK [0][-]{chapter.2}{Technical Detail}{}% 11
\BOOKMARK [1][-]{section.2.1}{Collaborative Downlaod}{chapter.2}% 12
\BOOKMARK [1][-]{section.2.2}{Group formation}{chapter.2}% 13
\BOOKMARK [2][-]{subsection.2.2.1}{Bitrate estimation}{section.2.2}% 14
\BOOKMARK [1][-]{section.2.3}{Collaborative download}{chapter.2}% 15
\BOOKMARK [2][-]{subsection.2.3.1}{Problem handling}{section.2.3}% 16
\BOOKMARK [0][-]{chapter.3}{Evaluation}{}% 17
\BOOKMARK [1][-]{section.3.1}{Experiment A: "basic tests"}{chapter.3}% 18
\BOOKMARK [2][-]{subsection.3.1.1}{Measurement Setup}{section.3.1}% 19
\BOOKMARK [2][-]{subsection.3.1.2}{Results}{section.3.1}% 20
\BOOKMARK [2][-]{subsection.3.1.3}{Criticism}{section.3.1}% 21
\BOOKMARK [1][-]{section.3.2}{Experiment B: "Dynamic adaptation"}{chapter.3}% 22
\BOOKMARK [2][-]{subsection.3.2.1}{Measurement Setup}{section.3.2}% 23
\BOOKMARK [2][-]{subsection.3.2.2}{Results}{section.3.2}% 24
\BOOKMARK [2][-]{subsection.3.2.3}{Criticism}{section.3.2}% 25
\BOOKMARK [1][-]{section.3.3}{Experiment C: "Performance tests: COMBINE agains ColStream"}{chapter.3}% 26
\BOOKMARK [2][-]{subsection.3.3.1}{Measurement Setup}{section.3.3}% 27
\BOOKMARK [2][-]{subsection.3.3.2}{Results}{section.3.3}% 28
\BOOKMARK [2][-]{subsection.3.3.3}{Criticism}{section.3.3}% 29
\BOOKMARK [1][-]{section.3.4}{Experiment D: "Feasibility study of the optimisation algorithm"}{chapter.3}% 30
\BOOKMARK [2][-]{subsection.3.4.1}{Measurement Setup}{section.3.4}% 31
\BOOKMARK [2][-]{subsection.3.4.2}{Results}{section.3.4}% 32
\BOOKMARK [2][-]{subsection.3.4.3}{Criticism}{section.3.4}% 33
\BOOKMARK [0][-]{chapter.4}{Criticism of the concept and implementation}{}% 34
\BOOKMARK [0][-]{appendix*.15}{Bibliography}{}% 35
\BOOKMARK [0][-]{appendix*.16}{List of Figures}{}% 36
